[debug] [2021-05-20T19:20:35.761Z] ----------------------------------------------------------------------
[debug] [2021-05-20T19:20:35.763Z] Command:       /usr/bin/node /usr/bin/firebase init
[debug] [2021-05-20T19:20:35.763Z] CLI Version:   9.11.0
[debug] [2021-05-20T19:20:35.763Z] Platform:      linux
[debug] [2021-05-20T19:20:35.763Z] Node Version:  v14.14.0
[debug] [2021-05-20T19:20:35.764Z] Time:          Fri May 21 2021 00:50:35 GMT+0530 (India Standard Time)
[debug] [2021-05-20T19:20:35.764Z] ----------------------------------------------------------------------
[debug] 
[debug] [2021-05-20T19:20:35.770Z] > command requires scopes: ["email","openid","https://www.googleapis.com/auth/cloudplatformprojects.readonly","https://www.googleapis.com/auth/firebase","https://www.googleapis.com/auth/cloud-platform"]
[debug] [2021-05-20T19:20:35.770Z] > authorizing via signed-in user (ekanshgupta98@gmail.com)
[info] 
     ######## #### ########  ######## ########     ###     ######  ########
     ##        ##  ##     ## ##       ##     ##  ##   ##  ##       ##
     ######    ##  ########  ######   ########  #########  ######  ######
     ##        ##  ##    ##  ##       ##     ## ##     ##       ## ##
     ##       #### ##     ## ######## ########  ##     ##  ######  ########

You're about to initialize a Firebase project in this directory:

  /media/hp/New Volume/Ekansh/UBUNTU FILES/Ekansh/CleverProgrammerTutorials/netflix-clone/netflix-clone

Before we get started, keep in mind:

  * You are currently outside your home directory

[info] 
=== Project Setup
[info] 
[info] First, let's associate this project directory with a Firebase project.
[info] You can create multiple project aliases by running firebase use --add, 
[info] but for now we'll just set up a default project.
[info] 
[debug] [2021-05-20T19:20:47.261Z] >>> [apiv2][query] GET https://firebase.googleapis.com/v1beta1/projects pageSize=100
[debug] [2021-05-20T19:20:47.884Z] <<< [apiv2][status] GET https://firebase.googleapis.com/v1beta1/projects 200
[debug] [2021-05-20T19:20:47.885Z] <<< [apiv2][body] GET https://firebase.googleapis.com/v1beta1/projects [omitted]
[info] i  Using project netflix-clone-ae3c5 (netflix-clone) 
[info] 
=== Hosting Setup
[info] 
[info] Your public directory is the folder (relative to your project directory) that
[info] will contain Hosting assets to be uploaded with firebase deploy. If you
[info] have a build process for your assets, use your build's output directory.
[info] 
[debug] [2021-05-20T19:22:05.283Z] >>> [apiv2][query] GET https://www.gstatic.com/firebasejs/releases.json [none]
[debug] [2021-05-20T19:22:05.606Z] <<< [apiv2][status] GET https://www.gstatic.com/firebasejs/releases.json 200
[debug] [2021-05-20T19:22:05.607Z] <<< [apiv2][body] GET https://www.gstatic.com/firebasejs/releases.json {"current":{"version":"8.6.1","browserURL":"https://www.gstatic.com/firebasejs/8.6.1/firebase.js","packageURL":"https://www.gstatic.com/firebasejs/8.6.1/firebase.tgz"},"live":{"version":"8.6","browserURL":"https://www.gstatic.com/firebasejs/live/8.6/firebase.js","packageURL":"https://www.gstatic.com/firebasejs/live/8.6/firebase.tgz"},"components":{"analytics":"https://www.gstatic.com/firebasejs/8.6.1/firebase-analytics.js","app":"https://www.gstatic.com/firebasejs/8.6.1/firebase-app.js","app-check":"https://www.gstatic.com/firebasejs/8.6.1/firebase-app-check.js","auth":"https://www.gstatic.com/firebasejs/8.6.1/firebase-auth.js","database":"https://www.gstatic.com/firebasejs/8.6.1/firebase-database.js","firestore":"https://www.gstatic.com/firebasejs/8.6.1/firebase-firestore.js","functions":"https://www.gstatic.com/firebasejs/8.6.1/firebase-functions.js","installations":"https://www.gstatic.com/firebasejs/8.6.1/firebase-installations.js","messaging":"https://www.gstatic.com/firebasejs/8.6.1/firebase-messaging.js","storage":"https://www.gstatic.com/firebasejs/8.6.1/firebase-storage.js","performance":"https://www.gstatic.com/firebasejs/8.6.1/firebase-performance.js","remote-config":"https://www.gstatic.com/firebasejs/8.6.1/firebase-remote-config.js","firestore.memory":"https://www.gstatic.com/firebasejs/8.6.1/firebase-firestore.memory.js"}}
[info] ✔  Wrote build/index.html 
[info] 
[info] i  Detected a .git folder at /media/hp/New Volume/Ekansh/UBUNTU FILES/Ekansh/CleverProgrammerTutorials/netflix-clone/netflix-clone 
[info] i  Authorizing with GitHub to upload your service account to a GitHub repository's secrets store. 
[info] 
[info] Visit this URL on this device to log in:
[info] https://github.com/login/oauth/authorize?client_id=89cf50f02ac6aaed3484&state=187879875&redirect_uri=http%3A%2F%2Flocalhost%3A9005&scope=read%3Auser%20repo%20public_repo
[info] 
[info] Waiting for authentication...
[debug] [2021-05-20T19:22:42.349Z] >>> HTTP REQUEST POST https://github.com/login/oauth/access_token  
 {"client_id":"89cf50f02ac6aaed3484","client_secret":"3330d14abc895d9a74d5f17cd7a00711fa2c5bf0","code":"a27fe2c62e9438943e54","redirect_uri":"http://localhost:9005","state":"187879875"}
[debug] [2021-05-20T19:22:42.792Z] <<< HTTP RESPONSE 200 {"server":"GitHub.com","date":"Thu, 20 May 2021 19:22:42 GMT","content-type":"application/json; charset=utf-8","transfer-encoding":"chunked","vary":"X-PJAX, Accept-Encoding, Accept, X-Requested-With","permissions-policy":"interest-cohort=()","etag":"W/\"8353c5ca66b34f0670b0fd2b41f756d4\"","cache-control":"max-age=0, private, must-revalidate","strict-transport-security":"max-age=31536000; includeSubdomains; preload","x-frame-options":"deny","x-content-type-options":"nosniff","x-xss-protection":"0","referrer-policy":"origin-when-cross-origin, strict-origin-when-cross-origin","expect-ct":"max-age=2592000, report-uri=\"https://api.github.com/_private/browser/errors\"","content-security-policy":"default-src 'none'; base-uri 'self'; block-all-mixed-content; connect-src 'self' uploads.github.com www.githubstatus.com collector.githubapp.com api.github.com github-cloud.s3.amazonaws.com github-production-repository-file-5c1aeb.s3.amazonaws.com github-production-upload-manifest-file-7fdce7.s3.amazonaws.com github-production-user-asset-6210df.s3.amazonaws.com cdn.optimizely.com logx.optimizely.com/v1/events wss://alive.github.com; font-src github.githubassets.com; form-action 'self' github.com gist.github.com; frame-ancestors 'none'; frame-src render.githubusercontent.com; img-src 'self' data: github.githubassets.com identicons.github.com collector.githubapp.com github-cloud.s3.amazonaws.com secured-user-images.githubusercontent.com/ *.githubusercontent.com; manifest-src 'self'; media-src 'none'; script-src github.githubassets.com; style-src 'unsafe-inline' github.githubassets.com; worker-src github.com/socket-worker-3f088aa2.js gist.github.com/socket-worker-3f088aa2.js","x-github-request-id":"DC42:583C:49A68F:4F0077:60A6B702"}
[debug] [2021-05-20T19:22:42.904Z] >>> [apiv2][query] GET https://api.github.com/user [none]
[debug] [2021-05-20T19:22:43.335Z] <<< [apiv2][status] GET https://api.github.com/user 200
[debug] [2021-05-20T19:22:43.335Z] <<< [apiv2][body] GET https://api.github.com/user {"login":"ekansh2112","id":63999131,"node_id":"MDQ6VXNlcjYzOTk5MTMx","avatar_url":"https://avatars.githubusercontent.com/u/63999131?v=4","gravatar_id":"","url":"https://api.github.com/users/ekansh2112","html_url":"https://github.com/ekansh2112","followers_url":"https://api.github.com/users/ekansh2112/followers","following_url":"https://api.github.com/users/ekansh2112/following{/other_user}","gists_url":"https://api.github.com/users/ekansh2112/gists{/gist_id}","starred_url":"https://api.github.com/users/ekansh2112/starred{/owner}{/repo}","subscriptions_url":"https://api.github.com/users/ekansh2112/subscriptions","organizations_url":"https://api.github.com/users/ekansh2112/orgs","repos_url":"https://api.github.com/users/ekansh2112/repos","events_url":"https://api.github.com/users/ekansh2112/events{/privacy}","received_events_url":"https://api.github.com/users/ekansh2112/received_events","type":"User","site_admin":false,"name":null,"company":null,"blog":"","location":null,"email":null,"hireable":null,"bio":null,"twitter_username":null,"public_repos":5,"public_gists":0,"followers":3,"following":2,"created_at":"2020-04-20T06:54:30Z","updated_at":"2021-05-20T19:22:41Z","private_gists":0,"total_private_repos":13,"owned_private_repos":13,"disk_usage":145555,"collaborators":2,"two_factor_authentication":true,"plan":{"name":"free","space":976562499,"collaborators":0,"private_repos":10000}}
[info] 
[info] ✔  Success! Logged into GitHub as ekansh2112 
[info] 
